


ARM Macro Assembler    Page 1 


    1 00000000                 PRESERVE8
    2 00000000                 THUMB
    3 00000000                 AREA             appcode, CODE, READONLY
    4 00000000                 EXPORT           __main
    5 00000000                 ENTRY
    6 00000000         __main  FUNCTION
    7 00000000        1 
                       a       RN               r1
    8 00000000        2 
                       b       RN               r2
    9 00000000 F04F 0108       MOV              a, #8
   10 00000004 F04F 0202       MOV              b, #2
   11 00000008         ; MOV a, #8
   12 00000008         ; MOV b, #4
   13 00000008         loop
   14 00000008 EA91 0F02       TEQ              a, b
   15 0000000C         ; if a==b branch to result
   16 0000000C D004            BEQ              result
   17 0000000E 4291            CMP              a, b
   18 00000010 BFCC            ITE              GT
   19 00000012         ; if a > b then a=a-b else b=b-a
   20 00000012 1A89            SUBGT            a, a, b
   21 00000014 1A52            SUBLE            b, b, a
   22 00000016 E7F7            B                loop
   23 00000018         result
   24 00000018 460B            MOV              r3, a       ; Output i.e gcd(a,
                                                            b) is stored in r3
   25 0000001A E7FE    stop    B                stop        ; stop program
   26 0000001C                 ENDFUNC
   27 0000001C                 END
Command Line: --debug --xref --diag_suppress=9931 --cpu=Cortex-M4.fp --apcs=int
erwork --depend=.\objects\final.d -o.\objects\final.o -I.\RTE\_Target_1 -IC:\Ke
il_v5\ARM\PACK\ARM\CMSIS\5.0.1\CMSIS\Include -IC:\Keil_v5\ARM\PACK\ARM\CMSIS\5.
0.1\Device\ARM\ARMCM4\Include --predefine="__EVAL SETA 1" --predefine="__UVISIO
N_VERSION SETA 524" --predefine="_RTE_ SETA 1" --predefine="ARMCM4_FP SETA 1" -
-list=.\listings\final.lst final.s



ARM Macro Assembler    Page 1 Alphabetic symbol ordering
Relocatable symbols

__main 00000000

Symbol: __main
   Definitions
      At line 6 in file final.s
   Uses
      At line 4 in file final.s
Comment: __main used once
appcode 00000000

Symbol: appcode
   Definitions
      At line 3 in file final.s
   Uses
      None
Comment: appcode unused
loop 00000008

Symbol: loop
   Definitions
      At line 13 in file final.s
   Uses
      At line 22 in file final.s
Comment: loop used once
result 00000018

Symbol: result
   Definitions
      At line 23 in file final.s
   Uses
      At line 16 in file final.s
Comment: result used once
stop 0000001A

Symbol: stop
   Definitions
      At line 25 in file final.s
   Uses
      At line 25 in file final.s
Comment: stop used once
5 symbols
342 symbols in table
