


ARM Macro Assembler    Page 1 


    1 00000000                 PRESERVE8
    2 00000000                 THUMB
    3 00000000                 AREA             appcode, CODE, READONLY
    4 00000000                 EXPORT           __main
    5 00000000                 ENTRY
    6 00000000         __main  FUNCTION
    7 00000000         
    8 00000000        0 
                       number1 RN               r0
    9 00000000        1 
                       number2 RN               r1
   10 00000000        2 
                       number3 RN               r2
   11 00000000 F04F 0001       MOV              number1, #1
   12 00000004 F04F 0102       MOV              number2, #2
   13 00000008 F04F 0203       MOV              number3, #3
   14 0000000C         ; check number1 > number2 if true change to branch 1 els
                       e branch2
   15 0000000C 4288            CMP              number1, number2
   16 0000000E DA00            BGE              branch1
   17 00000010 E001            B                branch2
   18 00000012         branch1
   19 00000012 4603            MOV              r3, number1
   20 00000014         ; r3 will contain number1 which greatest among number1, 
                       number2
   21 00000014 E000            B                branch3
   22 00000016         branch2
   23 00000016 460B            MOV              r3, number2
   24 00000018         ; r3 will contain number2 which greatest among number1, 
                       number2
   25 00000018         branch3
   26 00000018         ; check r3 > number3 if true change to branch 4 else bra
                       nch5
   27 00000018 4293            CMP              r3, number3
   28 0000001A DA00            BGE              branch4
   29 0000001C E001            B                branch5
   30 0000001E         branch4
   31 0000001E 461C            MOV              r4, r3      ; r4 stores greater
                                                             of all three numbe
                                                            rs number1, number2
                                                            , number3
   32 00000020 E000            B                stop
   33 00000022         branch5
   34 00000022 4614            MOV              r4, number3 ; r4 stores greater
                                                             of all three numbe
                                                            rs number1, number2
                                                            , number3
   35 00000024 E7FE    stop    B                stop        ; stop program
   36 00000026                 ENDFUNC
   37 00000026                 END
Command Line: --debug --xref --diag_suppress=9931 --cpu=Cortex-M4.fp --apcs=int
erwork --depend=.\objects\final.d -o.\objects\final.o -I.\RTE\_Target_1 -IC:\Ke
il_v5\ARM\PACK\ARM\CMSIS\5.0.1\CMSIS\Include -IC:\Keil_v5\ARM\PACK\ARM\CMSIS\5.
0.1\Device\ARM\ARMCM4\Include --predefine="__EVAL SETA 1" --predefine="__UVISIO
N_VERSION SETA 524" --predefine="_RTE_ SETA 1" --predefine="ARMCM4_FP SETA 1" -
-list=.\listings\final.lst final.s



ARM Macro Assembler    Page 1 Alphabetic symbol ordering
Relocatable symbols

__main 00000000

Symbol: __main
   Definitions
      At line 6 in file final.s
   Uses
      At line 4 in file final.s
Comment: __main used once
appcode 00000000

Symbol: appcode
   Definitions
      At line 3 in file final.s
   Uses
      None
Comment: appcode unused
branch1 00000012

Symbol: branch1
   Definitions
      At line 18 in file final.s
   Uses
      At line 16 in file final.s
Comment: branch1 used once
branch2 00000016

Symbol: branch2
   Definitions
      At line 22 in file final.s
   Uses
      At line 17 in file final.s
Comment: branch2 used once
branch3 00000018

Symbol: branch3
   Definitions
      At line 25 in file final.s
   Uses
      At line 21 in file final.s
Comment: branch3 used once
branch4 0000001E

Symbol: branch4
   Definitions
      At line 30 in file final.s
   Uses
      At line 28 in file final.s
Comment: branch4 used once
branch5 00000022

Symbol: branch5
   Definitions
      At line 33 in file final.s
   Uses
      At line 29 in file final.s
Comment: branch5 used once
stop 00000024

Symbol: stop



ARM Macro Assembler    Page 2 Alphabetic symbol ordering
Relocatable symbols

   Definitions
      At line 35 in file final.s
   Uses
      At line 32 in file final.s
      At line 35 in file final.s

8 symbols
346 symbols in table
