


ARM Macro Assembler    Page 1 


    1 00000000                 PRESERVE8
    2 00000000                 THUMB
    3 00000000                 AREA             appcode, CODE, READONLY
    4 00000000                 EXPORT           __main
    5 00000000                 ENTRY
    6 00000000         __main  FUNCTION
    7 00000000 F04F 0000       MOV              r0, #0
    8 00000004 F04F 0101       MOV              r1, #1
    9 00000008 F04F 0202       MOV              r2, #2
   10 0000000C 2A00            CMP              r2, #0
   11 0000000E D009            BEQ              branch1
   12 00000010 F1A2 0201       SUB              r2, #1
   13 00000014         loop
   14 00000014 2A00            CMP              r2, #0
   15 00000016 D007            BEQ              branch2
   16 00000018 460B            MOV              r3, r1      ; r3 is temporary v
                                                            ariable
   17 0000001A 4401            ADD              r1, r0
   18 0000001C 4618            MOV              r0, r3
   19 0000001E F1A2 0201       SUB              r2, #1
   20 00000022 E7F7            B                loop
   21 00000024         branch1                              ; if n==0
   22 00000024 4604            MOV              r4, r0      ; Output is stored 
                                                            in r4 if n is zero
   23 00000026 E000            B                stop
   24 00000028         branch2                              ; if n!=0
   25 00000028 460C            MOV              r4, r1      ; Output is stored 
                                                            in r4 if n is non z
                                                            ero
   26 0000002A E7FE    stop    B                stop        ; stop program
   27 0000002C                 ENDFUNC
   28 0000002C                 END
Command Line: --debug --xref --diag_suppress=9931 --cpu=Cortex-M4.fp --apcs=int
erwork --depend=.\objects\final.d -o.\objects\final.o -I.\RTE\_Target_1 -IC:\Ke
il_v5\ARM\PACK\ARM\CMSIS\5.0.1\CMSIS\Include -IC:\Keil_v5\ARM\PACK\ARM\CMSIS\5.
0.1\Device\ARM\ARMCM4\Include --predefine="__EVAL SETA 1" --predefine="__UVISIO
N_VERSION SETA 524" --predefine="_RTE_ SETA 1" --predefine="ARMCM4_FP SETA 1" -
-list=.\listings\final.lst final.s



ARM Macro Assembler    Page 1 Alphabetic symbol ordering
Relocatable symbols

__main 00000000

Symbol: __main
   Definitions
      At line 6 in file final.s
   Uses
      At line 4 in file final.s
Comment: __main used once
appcode 00000000

Symbol: appcode
   Definitions
      At line 3 in file final.s
   Uses
      None
Comment: appcode unused
branch1 00000024

Symbol: branch1
   Definitions
      At line 21 in file final.s
   Uses
      At line 11 in file final.s
Comment: branch1 used once
branch2 00000028

Symbol: branch2
   Definitions
      At line 24 in file final.s
   Uses
      At line 15 in file final.s
Comment: branch2 used once
loop 00000014

Symbol: loop
   Definitions
      At line 13 in file final.s
   Uses
      At line 20 in file final.s
Comment: loop used once
stop 0000002A

Symbol: stop
   Definitions
      At line 26 in file final.s
   Uses
      At line 23 in file final.s
      At line 26 in file final.s

6 symbols
341 symbols in table
